1742292039.725405 client started (13137): version 3.5a, socket /tmp/tmux-1000/default, protocol 8
1742292039.725429 on Linux 6.13.7-2-cachyos #1 SMP PREEMPT_DYNAMIC Fri, 14 Mar 2025 09:31:47 +0000
1742292039.725440 using libevent 2.1.12-stable poll
1742292039.725445 using ncurses 6.5 20240427
1742292039.725470 flags are 0x10010000
1742292039.725486 socket is /tmp/tmux-1000/default
1742292039.725498 trying connect
1742292039.725574 add peer 0x59019cbe6640: 6 ((nil))
1742292039.725959 sending message 111 to peer 0x59019cbe6640 (8 bytes)
1742292039.725969 sending message 111 to peer 0x59019cbe6640 (8 bytes)
1742292039.725974 sending message 101 to peer 0x59019cbe6640 (14 bytes)
1742292039.725978 sending message 109 to peer 0x59019cbe6640 (4 bytes)
1742292039.725982 sending message 102 to peer 0x59019cbe6640 (11 bytes)
1742292039.725986 sending message 108 to peer 0x59019cbe6640 (29 bytes)
1742292039.725991 sending message 112 to peer 0x59019cbe6640 (70 bytes)
1742292039.725995 sending message 112 to peer 0x59019cbe6640 (5 bytes)
1742292039.725999 sending message 112 to peer 0x59019cbe6640 (5 bytes)
1742292039.726004 sending message 112 to peer 0x59019cbe6640 (6 bytes)
1742292039.726008 sending message 112 to peer 0x59019cbe6640 (6 bytes)
1742292039.726012 sending message 112 to peer 0x59019cbe6640 (11 bytes)
1742292039.726016 sending message 112 to peer 0x59019cbe6640 (10 bytes)
1742292039.726020 sending message 112 to peer 0x59019cbe6640 (13 bytes)
1742292039.726024 sending message 112 to peer 0x59019cbe6640 (13 bytes)
1742292039.726028 sending message 112 to peer 0x59019cbe6640 (18 bytes)
1742292039.726032 sending message 112 to peer 0x59019cbe6640 (11 bytes)
1742292039.726037 sending message 112 to peer 0x59019cbe6640 (10 bytes)
1742292039.726041 sending message 112 to peer 0x59019cbe6640 (15 bytes)
1742292039.726045 sending message 112 to peer 0x59019cbe6640 (21 bytes)
1742292039.726049 sending message 112 to peer 0x59019cbe6640 (13 bytes)
1742292039.726053 sending message 112 to peer 0x59019cbe6640 (7 bytes)
1742292039.726057 sending message 112 to peer 0x59019cbe6640 (13 bytes)
1742292039.726061 sending message 112 to peer 0x59019cbe6640 (7 bytes)
1742292039.726065 sending message 112 to peer 0x59019cbe6640 (13 bytes)
1742292039.726070 sending message 112 to peer 0x59019cbe6640 (9 bytes)
1742292039.726074 sending message 112 to peer 0x59019cbe6640 (21 bytes)
1742292039.726078 sending message 112 to peer 0x59019cbe6640 (13 bytes)
1742292039.726082 sending message 112 to peer 0x59019cbe6640 (8 bytes)
1742292039.726086 sending message 112 to peer 0x59019cbe6640 (12 bytes)
1742292039.726090 sending message 112 to peer 0x59019cbe6640 (13 bytes)
1742292039.726094 sending message 112 to peer 0x59019cbe6640 (9 bytes)
1742292039.726098 sending message 112 to peer 0x59019cbe6640 (9 bytes)
1742292039.726103 sending message 112 to peer 0x59019cbe6640 (12 bytes)
1742292039.726107 sending message 112 to peer 0x59019cbe6640 (8 bytes)
1742292039.726111 sending message 112 to peer 0x59019cbe6640 (8 bytes)
1742292039.726115 sending message 112 to peer 0x59019cbe6640 (7 bytes)
1742292039.726119 sending message 112 to peer 0x59019cbe6640 (7 bytes)
1742292039.726123 sending message 112 to peer 0x59019cbe6640 (9 bytes)
1742292039.726127 sending message 112 to peer 0x59019cbe6640 (13 bytes)
1742292039.726131 sending message 112 to peer 0x59019cbe6640 (6 bytes)
1742292039.726135 sending message 112 to peer 0x59019cbe6640 (9 bytes)
1742292039.726140 sending message 112 to peer 0x59019cbe6640 (15 bytes)
1742292039.726144 sending message 112 to peer 0x59019cbe6640 (13 bytes)
1742292039.726148 sending message 112 to peer 0x59019cbe6640 (12 bytes)
1742292039.726152 sending message 112 to peer 0x59019cbe6640 (8 bytes)
1742292039.726156 sending message 112 to peer 0x59019cbe6640 (14 bytes)
1742292039.726160 sending message 112 to peer 0x59019cbe6640 (11 bytes)
1742292039.726164 sending message 112 to peer 0x59019cbe6640 (9 bytes)
1742292039.726168 sending message 112 to peer 0x59019cbe6640 (10 bytes)
1742292039.726172 sending message 112 to peer 0x59019cbe6640 (10 bytes)
1742292039.726182 sending message 112 to peer 0x59019cbe6640 (10 bytes)
1742292039.726190 sending message 112 to peer 0x59019cbe6640 (10 bytes)
1742292039.726195 sending message 112 to peer 0x59019cbe6640 (11 bytes)
1742292039.726199 sending message 112 to peer 0x59019cbe6640 (12 bytes)
1742292039.726203 sending message 112 to peer 0x59019cbe6640 (12 bytes)
1742292039.726208 sending message 112 to peer 0x59019cbe6640 (12 bytes)
1742292039.726212 sending message 112 to peer 0x59019cbe6640 (12 bytes)
1742292039.726216 sending message 112 to peer 0x59019cbe6640 (12 bytes)
1742292039.726220 sending message 112 to peer 0x59019cbe6640 (11 bytes)
1742292039.726224 sending message 112 to peer 0x59019cbe6640 (11 bytes)
1742292039.726228 sending message 112 to peer 0x59019cbe6640 (12 bytes)
1742292039.726233 sending message 112 to peer 0x59019cbe6640 (12 bytes)
1742292039.726237 sending message 112 to peer 0x59019cbe6640 (12 bytes)
1742292039.726241 sending message 112 to peer 0x59019cbe6640 (12 bytes)
1742292039.726245 sending message 112 to peer 0x59019cbe6640 (12 bytes)
1742292039.726249 sending message 112 to peer 0x59019cbe6640 (10 bytes)
1742292039.726253 sending message 112 to peer 0x59019cbe6640 (12 bytes)
1742292039.726258 sending message 112 to peer 0x59019cbe6640 (13 bytes)
1742292039.726262 sending message 112 to peer 0x59019cbe6640 (13 bytes)
1742292039.726266 sending message 112 to peer 0x59019cbe6640 (13 bytes)
1742292039.726270 sending message 112 to peer 0x59019cbe6640 (13 bytes)
1742292039.726274 sending message 112 to peer 0x59019cbe6640 (13 bytes)
1742292039.726278 sending message 112 to peer 0x59019cbe6640 (8 bytes)
1742292039.726283 sending message 112 to peer 0x59019cbe6640 (11 bytes)
1742292039.726287 sending message 112 to peer 0x59019cbe6640 (11 bytes)
1742292039.726291 sending message 112 to peer 0x59019cbe6640 (11 bytes)
1742292039.726295 sending message 112 to peer 0x59019cbe6640 (12 bytes)
1742292039.726299 sending message 112 to peer 0x59019cbe6640 (12 bytes)
1742292039.726304 sending message 112 to peer 0x59019cbe6640 (12 bytes)
1742292039.726308 sending message 112 to peer 0x59019cbe6640 (12 bytes)
1742292039.726312 sending message 112 to peer 0x59019cbe6640 (13 bytes)
1742292039.726316 sending message 112 to peer 0x59019cbe6640 (13 bytes)
1742292039.726320 sending message 112 to peer 0x59019cbe6640 (13 bytes)
1742292039.726324 sending message 112 to peer 0x59019cbe6640 (8 bytes)
1742292039.726329 sending message 112 to peer 0x59019cbe6640 (13 bytes)
1742292039.726333 sending message 112 to peer 0x59019cbe6640 (13 bytes)
1742292039.726337 sending message 112 to peer 0x59019cbe6640 (13 bytes)
1742292039.726341 sending message 112 to peer 0x59019cbe6640 (13 bytes)
1742292039.726357 sending message 112 to peer 0x59019cbe6640 (13 bytes)
1742292039.726361 sending message 112 to peer 0x59019cbe6640 (12 bytes)
1742292039.726365 sending message 112 to peer 0x59019cbe6640 (12 bytes)
1742292039.726369 sending message 112 to peer 0x59019cbe6640 (12 bytes)
1742292039.726374 sending message 112 to peer 0x59019cbe6640 (12 bytes)
1742292039.726378 sending message 112 to peer 0x59019cbe6640 (13 bytes)
1742292039.726382 sending message 112 to peer 0x59019cbe6640 (8 bytes)
1742292039.726386 sending message 112 to peer 0x59019cbe6640 (13 bytes)
1742292039.726390 sending message 112 to peer 0x59019cbe6640 (13 bytes)
1742292039.726395 sending message 112 to peer 0x59019cbe6640 (13 bytes)
1742292039.726399 sending message 112 to peer 0x59019cbe6640 (13 bytes)
1742292039.726403 sending message 112 to peer 0x59019cbe6640 (13 bytes)
1742292039.726407 sending message 112 to peer 0x59019cbe6640 (13 bytes)
1742292039.726411 sending message 112 to peer 0x59019cbe6640 (13 bytes)
1742292039.726416 sending message 112 to peer 0x59019cbe6640 (12 bytes)
1742292039.726420 sending message 112 to peer 0x59019cbe6640 (12 bytes)
1742292039.726424 sending message 112 to peer 0x59019cbe6640 (12 bytes)
1742292039.726428 sending message 112 to peer 0x59019cbe6640 (8 bytes)
1742292039.726432 sending message 112 to peer 0x59019cbe6640 (12 bytes)
1742292039.726440 sending message 112 to peer 0x59019cbe6640 (13 bytes)
1742292039.726446 sending message 112 to peer 0x59019cbe6640 (13 bytes)
1742292039.726451 sending message 112 to peer 0x59019cbe6640 (13 bytes)
1742292039.726455 sending message 112 to peer 0x59019cbe6640 (13 bytes)
1742292039.726459 sending message 112 to peer 0x59019cbe6640 (13 bytes)
1742292039.726463 sending message 112 to peer 0x59019cbe6640 (13 bytes)
1742292039.726467 sending message 112 to peer 0x59019cbe6640 (13 bytes)
1742292039.726472 sending message 112 to peer 0x59019cbe6640 (13 bytes)
1742292039.726476 sending message 112 to peer 0x59019cbe6640 (12 bytes)
1742292039.726480 sending message 112 to peer 0x59019cbe6640 (10 bytes)
1742292039.726484 sending message 112 to peer 0x59019cbe6640 (12 bytes)
1742292039.726488 sending message 112 to peer 0x59019cbe6640 (12 bytes)
1742292039.726492 sending message 112 to peer 0x59019cbe6640 (12 bytes)
1742292039.726497 sending message 112 to peer 0x59019cbe6640 (13 bytes)
1742292039.726501 sending message 112 to peer 0x59019cbe6640 (13 bytes)
1742292039.726505 sending message 112 to peer 0x59019cbe6640 (13 bytes)
1742292039.726509 sending message 112 to peer 0x59019cbe6640 (13 bytes)
1742292039.726513 sending message 112 to peer 0x59019cbe6640 (13 bytes)
1742292039.726518 sending message 112 to peer 0x59019cbe6640 (13 bytes)
1742292039.726522 sending message 112 to peer 0x59019cbe6640 (13 bytes)
1742292039.726526 sending message 112 to peer 0x59019cbe6640 (10 bytes)
1742292039.726530 sending message 112 to peer 0x59019cbe6640 (13 bytes)
1742292039.726534 sending message 112 to peer 0x59019cbe6640 (12 bytes)
1742292039.726538 sending message 112 to peer 0x59019cbe6640 (12 bytes)
1742292039.726543 sending message 112 to peer 0x59019cbe6640 (12 bytes)
1742292039.726547 sending message 112 to peer 0x59019cbe6640 (10 bytes)
1742292039.726551 sending message 112 to peer 0x59019cbe6640 (10 bytes)
1742292039.726555 sending message 112 to peer 0x59019cbe6640 (10 bytes)
1742292039.726559 sending message 112 to peer 0x59019cbe6640 (12 bytes)
1742292039.726563 sending message 112 to peer 0x59019cbe6640 (13 bytes)
1742292039.726568 sending message 112 to peer 0x59019cbe6640 (13 bytes)
1742292039.726572 sending message 112 to peer 0x59019cbe6640 (13 bytes)
1742292039.726576 sending message 112 to peer 0x59019cbe6640 (13 bytes)
1742292039.726580 sending message 112 to peer 0x59019cbe6640 (13 bytes)
1742292039.726584 sending message 112 to peer 0x59019cbe6640 (11 bytes)
1742292039.726588 sending message 112 to peer 0x59019cbe6640 (11 bytes)
1742292039.726592 sending message 112 to peer 0x59019cbe6640 (12 bytes)
1742292039.726597 sending message 112 to peer 0x59019cbe6640 (12 bytes)
1742292039.726601 sending message 112 to peer 0x59019cbe6640 (12 bytes)
1742292039.726605 sending message 112 to peer 0x59019cbe6640 (12 bytes)
1742292039.726609 sending message 112 to peer 0x59019cbe6640 (12 bytes)
1742292039.726613 sending message 112 to peer 0x59019cbe6640 (11 bytes)
1742292039.726617 sending message 112 to peer 0x59019cbe6640 (12 bytes)
1742292039.726622 sending message 112 to peer 0x59019cbe6640 (12 bytes)
1742292039.726626 sending message 112 to peer 0x59019cbe6640 (13 bytes)
1742292039.726630 sending message 112 to peer 0x59019cbe6640 (13 bytes)
1742292039.726634 sending message 112 to peer 0x59019cbe6640 (13 bytes)
1742292039.726638 sending message 112 to peer 0x59019cbe6640 (13 bytes)
1742292039.726643 sending message 112 to peer 0x59019cbe6640 (13 bytes)
1742292039.726647 sending message 112 to peer 0x59019cbe6640 (10 bytes)
1742292039.726651 sending message 112 to peer 0x59019cbe6640 (9 bytes)
1742292039.726655 sending message 112 to peer 0x59019cbe6640 (12 bytes)
1742292039.726659 sending message 112 to peer 0x59019cbe6640 (13 bytes)
1742292039.726663 sending message 112 to peer 0x59019cbe6640 (13 bytes)
1742292039.726668 sending message 112 to peer 0x59019cbe6640 (13 bytes)
1742292039.726672 sending message 112 to peer 0x59019cbe6640 (13 bytes)
1742292039.726676 sending message 112 to peer 0x59019cbe6640 (13 bytes)
1742292039.726683 sending message 112 to peer 0x59019cbe6640 (9 bytes)
1742292039.726689 sending message 112 to peer 0x59019cbe6640 (12 bytes)
1742292039.726693 sending message 112 to peer 0x59019cbe6640 (13 bytes)
1742292039.726698 sending message 112 to peer 0x59019cbe6640 (13 bytes)
1742292039.726702 sending message 112 to peer 0x59019cbe6640 (13 bytes)
1742292039.726706 sending message 112 to peer 0x59019cbe6640 (13 bytes)
1742292039.726710 sending message 112 to peer 0x59019cbe6640 (13 bytes)
1742292039.726714 sending message 112 to peer 0x59019cbe6640 (11 bytes)
1742292039.726718 sending message 112 to peer 0x59019cbe6640 (12 bytes)
1742292039.726723 sending message 112 to peer 0x59019cbe6640 (13 bytes)
1742292039.726727 sending message 112 to peer 0x59019cbe6640 (13 bytes)
1742292039.726731 sending message 112 to peer 0x59019cbe6640 (13 bytes)
1742292039.726735 sending message 112 to peer 0x59019cbe6640 (13 bytes)
1742292039.726739 sending message 112 to peer 0x59019cbe6640 (13 bytes)
1742292039.726743 sending message 112 to peer 0x59019cbe6640 (11 bytes)
1742292039.726748 sending message 112 to peer 0x59019cbe6640 (12 bytes)
1742292039.726752 sending message 112 to peer 0x59019cbe6640 (12 bytes)
1742292039.726756 sending message 112 to peer 0x59019cbe6640 (12 bytes)
1742292039.726760 sending message 112 to peer 0x59019cbe6640 (12 bytes)
1742292039.726782 sending message 112 to peer 0x59019cbe6640 (12 bytes)
1742292039.726786 sending message 112 to peer 0x59019cbe6640 (21 bytes)
1742292039.726790 sending message 112 to peer 0x59019cbe6640 (12 bytes)
1742292039.726794 sending message 112 to peer 0x59019cbe6640 (9 bytes)
1742292039.726798 sending message 112 to peer 0x59019cbe6640 (6 bytes)
1742292039.726802 sending message 112 to peer 0x59019cbe6640 (13 bytes)
1742292039.726806 sending message 112 to peer 0x59019cbe6640 (8 bytes)
1742292039.726811 sending message 112 to peer 0x59019cbe6640 (15 bytes)
1742292039.726815 sending message 112 to peer 0x59019cbe6640 (13 bytes)
1742292039.726819 sending message 112 to peer 0x59019cbe6640 (9 bytes)
1742292039.726823 sending message 112 to peer 0x59019cbe6640 (70 bytes)
1742292039.726827 sending message 112 to peer 0x59019cbe6640 (69 bytes)
1742292039.726831 sending message 112 to peer 0x59019cbe6640 (10 bytes)
1742292039.726836 sending message 112 to peer 0x59019cbe6640 (10 bytes)
1742292039.726840 sending message 112 to peer 0x59019cbe6640 (8 bytes)
1742292039.726844 sending message 112 to peer 0x59019cbe6640 (15 bytes)
1742292039.726848 sending message 112 to peer 0x59019cbe6640 (13 bytes)
1742292039.726852 sending message 112 to peer 0x59019cbe6640 (10 bytes)
1742292039.726856 sending message 112 to peer 0x59019cbe6640 (10 bytes)
1742292039.726860 sending message 112 to peer 0x59019cbe6640 (17 bytes)
1742292039.726865 sending message 112 to peer 0x59019cbe6640 (10 bytes)
1742292039.726869 sending message 112 to peer 0x59019cbe6640 (13 bytes)
1742292039.726873 sending message 112 to peer 0x59019cbe6640 (9 bytes)
1742292039.726877 sending message 112 to peer 0x59019cbe6640 (5 bytes)
1742292039.726881 sending message 112 to peer 0x59019cbe6640 (15 bytes)
1742292039.726887 sending message 104 to peer 0x59019cbe6640 (0 bytes)
1742292039.726892 sending message 110 to peer 0x59019cbe6640 (0 bytes)
1742292039.726897 sending message 107 to peer 0x59019cbe6640 (4 bytes)
1742292039.726902 sending message 105 to peer 0x59019cbe6640 (23 bytes)
1742292039.726906 sending message 105 to peer 0x59019cbe6640 (17 bytes)
1742292039.726910 sending message 105 to peer 0x59019cbe6640 (13 bytes)
1742292039.726914 sending message 105 to peer 0x59019cbe6640 (18 bytes)
1742292039.726918 sending message 105 to peer 0x59019cbe6640 (25 bytes)
1742292039.726923 sending message 105 to peer 0x59019cbe6640 (48 bytes)
1742292039.726927 sending message 105 to peer 0x59019cbe6640 (17 bytes)
1742292039.726931 sending message 105 to peer 0x59019cbe6640 (20 bytes)
1742292039.726936 sending message 105 to peer 0x59019cbe6640 (30 bytes)
1742292039.726940 sending message 105 to peer 0x59019cbe6640 (26 bytes)
1742292039.726947 sending message 105 to peer 0x59019cbe6640 (15 bytes)
1742292039.726953 sending message 105 to peer 0x59019cbe6640 (24 bytes)
1742292039.726957 sending message 105 to peer 0x59019cbe6640 (25 bytes)
1742292039.726961 sending message 105 to peer 0x59019cbe6640 (21 bytes)
1742292039.726965 sending message 105 to peer 0x59019cbe6640 (27 bytes)
1742292039.726970 sending message 105 to peer 0x59019cbe6640 (20 bytes)
1742292039.726974 sending message 105 to peer 0x59019cbe6640 (21 bytes)
1742292039.726978 sending message 105 to peer 0x59019cbe6640 (11 bytes)
1742292039.726982 sending message 105 to peer 0x59019cbe6640 (20 bytes)
1742292039.726986 sending message 105 to peer 0x59019cbe6640 (18 bytes)
1742292039.726990 sending message 105 to peer 0x59019cbe6640 (125 bytes)
1742292039.726995 sending message 105 to peer 0x59019cbe6640 (33 bytes)
1742292039.726999 sending message 105 to peer 0x59019cbe6640 (88 bytes)
1742292039.727004 sending message 105 to peer 0x59019cbe6640 (27 bytes)
1742292039.727008 sending message 105 to peer 0x59019cbe6640 (46 bytes)
1742292039.727012 sending message 105 to peer 0x59019cbe6640 (36 bytes)
1742292039.727016 sending message 105 to peer 0x59019cbe6640 (21 bytes)
1742292039.727020 sending message 105 to peer 0x59019cbe6640 (55 bytes)
1742292039.727025 sending message 105 to peer 0x59019cbe6640 (21 bytes)
1742292039.727029 sending message 105 to peer 0x59019cbe6640 (15 bytes)
1742292039.727033 sending message 105 to peer 0x59019cbe6640 (38 bytes)
1742292039.727037 sending message 105 to peer 0x59019cbe6640 (39 bytes)
1742292039.727041 sending message 105 to peer 0x59019cbe6640 (14 bytes)
1742292039.727046 sending message 105 to peer 0x59019cbe6640 (23 bytes)
1742292039.727050 sending message 105 to peer 0x59019cbe6640 (16 bytes)
1742292039.727054 sending message 105 to peer 0x59019cbe6640 (27 bytes)
1742292039.727058 sending message 105 to peer 0x59019cbe6640 (41 bytes)
1742292039.727062 sending message 105 to peer 0x59019cbe6640 (12 bytes)
1742292039.727067 sending message 105 to peer 0x59019cbe6640 (54 bytes)
1742292039.727071 sending message 105 to peer 0x59019cbe6640 (29 bytes)
1742292039.727075 sending message 105 to peer 0x59019cbe6640 (12 bytes)
1742292039.727079 sending message 105 to peer 0x59019cbe6640 (20 bytes)
1742292039.727083 sending message 105 to peer 0x59019cbe6640 (26 bytes)
1742292039.727087 sending message 105 to peer 0x59019cbe6640 (24 bytes)
1742292039.727091 sending message 105 to peer 0x59019cbe6640 (20 bytes)
1742292039.727096 sending message 105 to peer 0x59019cbe6640 (23 bytes)
1742292039.727100 sending message 105 to peer 0x59019cbe6640 (16 bytes)
1742292039.727104 sending message 105 to peer 0x59019cbe6640 (24 bytes)
1742292039.727108 sending message 105 to peer 0x59019cbe6640 (33 bytes)
1742292039.727112 sending message 105 to peer 0x59019cbe6640 (31 bytes)
1742292039.727116 sending message 105 to peer 0x59019cbe6640 (36 bytes)
1742292039.727120 sending message 105 to peer 0x59019cbe6640 (23 bytes)
1742292039.727125 sending message 105 to peer 0x59019cbe6640 (25 bytes)
1742292039.727129 sending message 105 to peer 0x59019cbe6640 (30 bytes)
1742292039.727133 sending message 105 to peer 0x59019cbe6640 (8 bytes)
1742292039.727137 sending message 105 to peer 0x59019cbe6640 (17 bytes)
1742292039.727142 sending message 105 to peer 0x59019cbe6640 (11 bytes)
1742292039.727146 sending message 105 to peer 0x59019cbe6640 (19 bytes)
1742292039.727150 sending message 105 to peer 0x59019cbe6640 (29 bytes)
1742292039.727154 sending message 105 to peer 0x59019cbe6640 (25 bytes)
1742292039.727158 sending message 105 to peer 0x59019cbe6640 (20 bytes)
1742292039.727162 sending message 105 to peer 0x59019cbe6640 (25 bytes)
1742292039.727166 sending message 106 to peer 0x59019cbe6640 (0 bytes)
1742292039.727216 sending message 200 to peer 0x59019cbe6640 (4 bytes)
1742292039.727221 client loop enter
1742292039.727658 peer 0x59019cbe6640 message 303
1742292039.727669 open write file 2 -
1742292039.727680 sending message 305 to peer 0x59019cbe6640 (8 bytes)
1742292039.727700 write check file 2
1742292039.727866 peer 0x59019cbe6640 message 304
1742292039.727877 write 58 to file 2
1742292039.727883 peer 0x59019cbe6640 message 203
1742292039.727888 file 2 58 bytes left
1742292039.727903 write check file 2
1742292039.727907 client loop exit
